根据您的要求，我将提供一个简单的Python代码片段，用于实现一个登录流程，并校验用户是否为管理员。以下是代码：

```python
# 用户登录和管理员校验系统

# 假设的用户数据库
users_db = {
    'admin': {'password': 'admin123', 'is_admin': True},
    'user': {'password': 'user123', 'is_admin': False}
}

def login(username, password):
    """
    用户登录函数，验证用户名和密码是否正确，并检查是否为管理员。
    """
    user = users_db.get(username)
    if user and user['password'] == password:
        return user['is_admin']
    else:
        return False

def main():
    """
    主函数，处理用户输入和登录流程。
    """
    username = input("请输入用户名: ")
    password = input("请输入密码: ")
    
    # 检查用户是否为管理员
    is_admin = login(username, password)
    if is_admin:
        print("欢迎管理员登录系统！")
    else:
        print("登录成功，但您不是管理员。")

if __name__ == "__main__":
    main()
```

这段代码实现了一个简单的登录系统，其中包括用户登录和管理员校验的功能。用户输入用户名和密码后，系统会验证这些信息，并根据用户是否为管理员给出相应的提示。请注意，这只是一个示例，实际应用中需要更复杂的安全措施，如密码加密存储和更安全的认证机制。